cgi-bin/build_layout.bash db7e0522cfb4447212d653a2124c251d MDErgo1 "MDErgo1-Blank-0.kll" "MDErgo1-Blank-1.kll" "" "MDErgo1-Blank-3.kll"  2>&1
/srv/KiiConf/tmp/db7e0522cfb4447212d653a2124c251d
+ mkdir -p right
/srv/KiiConf/tmp/db7e0522cfb4447212d653a2124c251d
+ mkdir -p left
+ cd right
+ cd left
+ cp ../MDErgo1-Blank-0.kll ../MDErgo1-Blank-1.kll ../MDErgo1-Blank-3.kll .
+ cp ../MDErgo1-Blank-0.kll ../MDErgo1-Blank-1.kll ../MDErgo1-Blank-3.kll .
+ cmake /srv/KiiConf/controller -DScanModule=MDErgo1 -DCHIP=mk20dx256vlh7 '-DBaseMap=defaultMap rightHand slave1 leftHand' -DMacroModule=PartialMap -DOutputModule=pjrcUSB -DDebugModule=full '-DDefaultMap=MDErgo1-Blank-0 lcdFuncMap' '-DPartialMaps=MDErgo1-Blank-1 lcdFuncMap; lcdFuncMap;MDErgo1-Blank-3 lcdFuncMap'
+ cmake /srv/KiiConf/controller -DScanModule=MDErgo1 -DCHIP=mk20dx256vlh7 '-DBaseMap=defaultMap leftHand slave1 rightHand' -DMacroModule=PartialMap -DOutputModule=pjrcUSB -DDebugModule=full '-DDefaultMap=MDErgo1-Blank-0 lcdFuncMap' '-DPartialMaps=MDErgo1-Blank-1 lcdFuncMap; lcdFuncMap;MDErgo1-Blank-3 lcdFuncMap'
-- Compiler Family:
arm
-- Compiler Family:
arm
-- Compiler Selected:
gcc
-- Chip Selected:
mk20dx256vlh7
-- Chip Family:
mk20dx
-- CPU Selected:
cortex-m4
-- Compiler Source Files:
Lib/mk20dx.c;Lib/delay.c
-- Bootloader Type:
dfu
-- Compiler Selected:
gcc
-- Chip Selected:
mk20dx256vlh7
-- Chip Family:
mk20dx
-- CPU Selected:
cortex-m4
-- Compiler Source Files:
Lib/mk20dx.c;Lib/delay.c
-- Bootloader Type:
dfu
-- Detected Scan Module Source Files:
Scan/ISSILed/led_scan.c;Scan/MatrixARM/matrix_scan.c;Scan/STLcd/lcd_scan.c;Scan/UARTConnect/connect_scan.c;Scan/MDErgo1/scan_loop.c
-- Detected Macro Module Source Files:
Macro/PartialMap/macro.c
-- Detected Output Module Source Files:
Output/pjrcUSB/output_com.c;Output/pjrcUSB/arm/usb_desc.c;Output/pjrcUSB/arm/usb_dev.c;Output/pjrcUSB/arm/usb_joystick.c;Output/pjrcUSB/arm/usb_keyboard.c;Output/pjrcUSB/arm/usb_mem.c;Output/pjrcUSB/arm/usb_mouse.c;Output/pjrcUSB/arm/usb_serial.c
-- Detected Scan Module Source Files:
Scan/ISSILed/led_scan.c;Scan/MatrixARM/matrix_scan.c;Scan/STLcd/lcd_scan.c;Scan/UARTConnect/connect_scan.c;Scan/MDErgo1/scan_loop.c
-- Detected Macro Module Source Files:
Macro/PartialMap/macro.c
-- Detected Output Module Source Files:
Output/pjrcUSB/output_com.c;Output/pjrcUSB/arm/usb_desc.c;Output/pjrcUSB/arm/usb_dev.c;Output/pjrcUSB/arm/usb_joystick.c;Output/pjrcUSB/arm/usb_keyboard.c;Output/pjrcUSB/arm/usb_mem.c;Output/pjrcUSB/arm/usb_mouse.c;Output/pjrcUSB/arm/usb_serial.c
-- Detected Debug Module Source Files:
Debug/cli/cli.c;Debug/led/led.c;Debug/print/print.c
-- Detected Debug Module Source Files:
Debug/cli/cli.c;Debug/led/led.c;Debug/print/print.c
ctags: cannot open tag file : Permission denied
ctags: cannot open tag file : Permission denied
-- Detected Layout Files:
/srv/KiiConf/controller/Scan/ISSILed/capabilities.kll
/srv/KiiConf/controller/Scan/MatrixARM/capabilities.kll
/srv/KiiConf/controller/Scan/STLcd/capabilities.kll
/srv/KiiConf/controller/Scan/UARTConnect/capabilities.kll
/srv/KiiConf/controller/Macro/PartialMap/capabilities.kll
/srv/KiiConf/controller/Output/pjrcUSB/capabilities.kll
/srv/KiiConf/controller/Scan/MDErgo1/defaultMap.kll
/srv/KiiConf/controller/Scan/MDErgo1/rightHand.kll
/srv/KiiConf/controller/Scan/MDErgo1/slave1.kll
/srv/KiiConf/controller/Scan/MDErgo1/leftHand.kll
/srv/KiiConf/tmp/db7e0522cfb4447212d653a2124c251d/right/MDErgo1-Blank-0.kll
/srv/KiiConf/controller/kll/layouts/lcdFuncMap.kll
/srv/KiiConf/tmp/db7e0522cfb4447212d653a2124c251d/right/MDErgo1-Blank-1.kll
/srv/KiiConf/controller/kll/layouts/lcdFuncMap.kll
/srv/KiiConf/controller/kll/layouts/lcdFuncMap.kll
/srv/KiiConf/tmp/db7e0522cfb4447212d653a2124c251d/right/MDErgo1-Blank-3.kll
/srv/KiiConf/controller/kll/layouts/lcdFuncMap.kll
-- Detected Layout Files:
/srv/KiiConf/controller/Scan/ISSILed/capabilities.kll
/srv/KiiConf/controller/Scan/MatrixARM/capabilities.kll
/srv/KiiConf/controller/Scan/STLcd/capabilities.kll
/srv/KiiConf/controller/Scan/UARTConnect/capabilities.kll
/srv/KiiConf/controller/Macro/PartialMap/capabilities.kll
/srv/KiiConf/controller/Output/pjrcUSB/capabilities.kll
/srv/KiiConf/controller/Scan/MDErgo1/defaultMap.kll
/srv/KiiConf/controller/Scan/MDErgo1/leftHand.kll
/srv/KiiConf/controller/Scan/MDErgo1/slave1.kll
/srv/KiiConf/controller/Scan/MDErgo1/rightHand.kll
/srv/KiiConf/tmp/db7e0522cfb4447212d653a2124c251d/left/MDErgo1-Blank-0.kll
/srv/KiiConf/controller/kll/layouts/lcdFuncMap.kll
/srv/KiiConf/tmp/db7e0522cfb4447212d653a2124c251d/left/MDErgo1-Blank-1.kll
/srv/KiiConf/controller/kll/layouts/lcdFuncMap.kll
/srv/KiiConf/controller/kll/layouts/lcdFuncMap.kll
/srv/KiiConf/tmp/db7e0522cfb4447212d653a2124c251d/left/MDErgo1-Blank-3.kll
/srv/KiiConf/controller/kll/layouts/lcdFuncMap.kll
-- Configuring done
-- Configuring done
-- Generating done
-- Build files have been written to: /srv/KiiConf/tmp/db7e0522cfb4447212d653a2124c251d/right
+ make -j
-- Generating done
-- Build files have been written to: /srv/KiiConf/tmp/db7e0522cfb4447212d653a2124c251d/left
+ make -j
[  4%] Generating KLL Layout
[  4%] Generating KLL Layout
Scanning dependencies of target kiibohd.elf
[ 13%] [ 13%] [ 18%] [ 22%] [ 27%] [ 31%] Building C object CMakeFiles/kiibohd.elf.dir/Scan/ISSILed/led_scan.c.o
Building C object CMakeFiles/kiibohd.elf.dir/Scan/STLcd/lcd_scan.c.o
[ 36%] Building C object CMakeFiles/kiibohd.elf.dir/Scan/MatrixARM/matrix_scan.c.o
Building C object CMakeFiles/kiibohd.elf.dir/Output/pjrcUSB/output_com.c.o
Building C object CMakeFiles/kiibohd.elf.dir/Macro/PartialMap/macro.c.o
[ 40%] Building C object CMakeFiles/kiibohd.elf.dir/Scan/UARTConnect/connect_scan.c.o
Building C object CMakeFiles/kiibohd.elf.dir/Output/pjrcUSB/arm/usb_desc.c.o
[ 45%] Scanning dependencies of target kiibohd.elf
Building C object CMakeFiles/kiibohd.elf.dir/Output/pjrcUSB/arm/usb_dev.c.o
Building C object CMakeFiles/kiibohd.elf.dir/Debug/cli/cli.c.o
[  9%] [ 13%] [ 18%] Building C object CMakeFiles/kiibohd.elf.dir/Scan/ISSILed/led_scan.c.o
Building C object CMakeFiles/kiibohd.elf.dir/Scan/MatrixARM/matrix_scan.c.o
Building C object CMakeFiles/kiibohd.elf.dir/Scan/STLcd/lcd_scan.c.o
[ 22%] [ 27%] [ 31%] Building C object CMakeFiles/kiibohd.elf.dir/Scan/UARTConnect/connect_scan.c.o
Building C object CMakeFiles/kiibohd.elf.dir/Macro/PartialMap/macro.c.o
[ 36%] Building C object CMakeFiles/kiibohd.elf.dir/Output/pjrcUSB/output_com.c.o
Building C object CMakeFiles/kiibohd.elf.dir/Output/pjrcUSB/arm/usb_desc.c.o
[ 40%] [ 45%] Building C object CMakeFiles/kiibohd.elf.dir/Debug/cli/cli.c.o
Building C object CMakeFiles/kiibohd.elf.dir/Output/pjrcUSB/arm/usb_dev.c.o
Linking C executable kiibohd.elf
Linking C executable kiibohd.elf
Create and sign dfu bin file:  kiibohd.dfu.bin
Create and sign dfu bin file:  kiibohd.dfu.bin
Creating Extended Listing:     kiibohd.lss
Creating Extended Listing:     kiibohd.lss
Creating Symbol Table:         kiibohd.sym
Creating Symbol Table:         kiibohd.sym
[ 95%] Built target kiibohd.elf
[ 95%] Built target kiibohd.elf
[100%] Chip usage for mk20dx256vlh7
[100%] 	[1m SRAM[m: 	[1;32m14%[m 	9348/65536	bytes
	[1mFlash[m: 	[1;32m16%[m 	42484/253952	bytes
Chip usage for mk20dx256vlh7
	[1m SRAM[m: 	[1;32m14%[m 	9268/65536	bytes
[100%] Built target SizeAfter
	[1mFlash[m: 	[1;32m16%[m 	42328/253952	bytes
+ RETVAL=0
+ set +x
[100%] Built target SizeAfter
+ RETVAL=0
+ set +x
/srv/KiiConf/tmp/db7e0522cfb4447212d653a2124c251d
ln: failed to create symbolic link 'left_kiibohd.dfu.bin': File exists
ln: failed to create symbolic link 'right_kiibohd.dfu.bin': File exists
ln: failed to create symbolic link 'left_generatedKeymap.h': File exists
ln: failed to create symbolic link 'right_generatedKeymap.h': File exists
ln: failed to create symbolic link 'left_kll_defs.h': File exists
ln: failed to create symbolic link 'right_kll_defs.h': File exists
